<?xml version="1.0" encoding="UTF-8"?>
<!-- Generated by org.testng.reporters.JUnitXMLReporter -->
<testsuite ignored="0" hostname="SV-21-DEV-007-R" failures="0" tests="11" name="Default test" time="159.971" errors="0" timestamp="2022-01-16T19:46:34 IST">
  <testcase classname="com.qa.testcases.JotForm_Test" name="getErrorMessages" time="1.918"/>
  <testcase classname="com.qa.testcases.JotForm_Test" name="verifyDetails" time="7.414"/>
  <testcase classname="com.qa.testcases.JotForm_Test" name="verifyDetails" time="8.376"/>
  <testcase classname="com.qa.testcases.JotForm_Test" name="verifyDetails" time="6.051"/>
  <testcase classname="com.qa.testcases.JotForm_Test" name="verifyDetails" time="5.699"/>
  <testcase classname="com.qa.testcases.JotForm_Test" name="verifyDetails" time="7.938"/>
  <testcase classname="com.qa.testcases.JotForm_Test" name="verifyJotForm" time="10.38"/>
  <testcase classname="com.qa.testcases.JotForm_Test" name="verifyJotForm" time="5.741"/>
  <testcase classname="com.qa.testcases.JotForm_Test" name="verifyJotForm" time="7.287"/>
  <testcase classname="com.qa.testcases.JotForm_Test" name="verifyJotForm" time="5.782"/>
  <testcase classname="com.qa.testcases.JotForm_Test" name="verifyJotForm" time="8.006"/>
</testsuite> <!-- Default test -->
