<?xml version="1.0" encoding="UTF-8"?>
<!-- Generated by org.testng.reporters.JUnitXMLReporter -->
<testsuite ignored="0" hostname="SV-21-DEV-007-R" failures="0" tests="11" name="TestJotForm" time="125.572" errors="0" timestamp="2022-01-16T21:10:06 IST">
  <testcase classname="com.qa.testcases.JotForm_Test" name="getErrorMessages" time="1.166"/>
  <testcase classname="com.qa.testcases.JotForm_Test" name="verifyDetails" time="9.725"/>
  <testcase classname="com.qa.testcases.JotForm_Test" name="verifyDetails" time="5.88"/>
  <testcase classname="com.qa.testcases.JotForm_Test" name="verifyDetails" time="6.249"/>
  <testcase classname="com.qa.testcases.JotForm_Test" name="verifyDetails" time="6.789"/>
  <testcase classname="com.qa.testcases.JotForm_Test" name="verifyDetails" time="4.81"/>
  <testcase classname="com.qa.testcases.JotForm_Test" name="verifyJotForm" time="6.844"/>
  <testcase classname="com.qa.testcases.JotForm_Test" name="verifyJotForm" time="6.058"/>
  <testcase classname="com.qa.testcases.JotForm_Test" name="verifyJotForm" time="11.62"/>
  <testcase classname="com.qa.testcases.JotForm_Test" name="verifyJotForm" time="7.328"/>
  <testcase classname="com.qa.testcases.JotForm_Test" name="verifyJotForm" time="5.085"/>
</testsuite> <!-- TestJotForm -->
